Determining if the pthread_create exist failed with the following output:
Change Dir: /home/workspace/udc_rsen_p04_where-am-i/catkin_ws/build/CMakeFiles/CMakeTmp

Run Build Command:"/usr/bin/make" "cmTC_37672/fast"
/usr/bin/make -f CMakeFiles/cmTC_37672.dir/build.make CMakeFiles/cmTC_37672.dir/build
make[1]: Entering directory '/home/workspace/udc_rsen_p04_where-am-i/catkin_ws/build/CMakeFiles/CMakeTmp'
Building C object CMakeFiles/cmTC_37672.dir/CheckSymbolExists.c.o
/usr/bin/cc     -o CMakeFiles/cmTC_37672.dir/CheckSymbolExists.c.o   -c /home/workspace/udc_rsen_p04_where-am-i/catkin_ws/build/CMakeFiles/CMakeTmp/CheckSymbolExists.c
Linking C executable cmTC_37672
/usr/bin/cmake -E cmake_link_script CMakeFiles/cmTC_37672.dir/link.txt --verbose=1
/usr/bin/cc       CMakeFiles/cmTC_37672.dir/CheckSymbolExists.c.o  -o cmTC_37672 -rdynamic 
CMakeFiles/cmTC_37672.dir/CheckSymbolExists.c.o: In function `main':
CheckSymbolExists.c:(.text+0x16): undefined reference to `pthread_create'
collect2: error: ld returned 1 exit status
CMakeFiles/cmTC_37672.dir/build.make:97: recipe for target 'cmTC_37672' failed
make[1]: *** [cmTC_37672] Error 1
make[1]: Leaving directory '/home/workspace/udc_rsen_p04_where-am-i/catkin_ws/build/CMakeFiles/CMakeTmp'
Makefile:126: recipe for target 'cmTC_37672/fast' failed
make: *** [cmTC_37672/fast] Error 2

File /home/workspace/udc_rsen_p04_where-am-i/catkin_ws/build/CMakeFiles/CMakeTmp/CheckSymbolExists.c:
/* */
#include <pthread.h>

int main(int argc, char** argv)
{
  (void)argv;
#ifndef pthread_create
  return ((int*)(&pthread_create))[argc];
#else
  (void)argc;
  return 0;
#endif
}

Determining if the function pthread_create exists in the pthreads failed with the following output:
Change Dir: /home/workspace/udc_rsen_p04_where-am-i/catkin_ws/build/CMakeFiles/CMakeTmp

Run Build Command:"/usr/bin/make" "cmTC_30117/fast"
/usr/bin/make -f CMakeFiles/cmTC_30117.dir/build.make CMakeFiles/cmTC_30117.dir/build
make[1]: Entering directory '/home/workspace/udc_rsen_p04_where-am-i/catkin_ws/build/CMakeFiles/CMakeTmp'
Building C object CMakeFiles/cmTC_30117.dir/CheckFunctionExists.c.o
/usr/bin/cc    -DCHECK_FUNCTION_EXISTS=pthread_create   -o CMakeFiles/cmTC_30117.dir/CheckFunctionExists.c.o   -c /usr/share/cmake-3.5/Modules/CheckFunctionExists.c
Linking C executable cmTC_30117
/usr/bin/cmake -E cmake_link_script CMakeFiles/cmTC_30117.dir/link.txt --verbose=1
/usr/bin/cc   -DCHECK_FUNCTION_EXISTS=pthread_create    CMakeFiles/cmTC_30117.dir/CheckFunctionExists.c.o  -o cmTC_30117 -rdynamic -lpthreads 
/usr/bin/ld: cannot find -lpthreads
collect2: error: ld returned 1 exit status
CMakeFiles/cmTC_30117.dir/build.make:97: recipe for target 'cmTC_30117' failed
make[1]: *** [cmTC_30117] Error 1
make[1]: Leaving directory '/home/workspace/udc_rsen_p04_where-am-i/catkin_ws/build/CMakeFiles/CMakeTmp'
Makefile:126: recipe for target 'cmTC_30117/fast' failed
make: *** [cmTC_30117/fast] Error 2


